<?xml version="1.0" encoding="UTF-8"?>
<!-- Generated by org.testng.reporters.JUnitReportReporter -->
<testsuite hostname="WINCTRL-OVVSTUP" failures="0" tests="3" name="testpkg.Testclass" time="25.756" errors="0" timestamp="2024-05-15T13:15:28 IST" skipped="0">
  <testcase classname="testpkg.Testclass" name="signuptest" time="9.689"/>
  <testcase classname="testpkg.Testclass" name="verifytest" time="4.504"/>
  <testcase classname="testpkg.Testclass" name="createaccounttest" time="11.563"/>
</testsuite> <!-- testpkg.Testclass -->
